Log file open, 04/09/18 06:00:02
LogWindows: Failed to load 'aqProf.dll' (GetLastError=126)
LogWindows: File 'aqProf.dll' does not exist
LogWindows: Failed to load 'VtuneApi.dll' (GetLastError=126)
LogWindows: File 'VtuneApi.dll' does not exist
LogWindows: Failed to load 'VtuneApi32e.dll' (GetLastError=126)
LogWindows: File 'VtuneApi32e.dll' does not exist
LogInit: Display: Running engine for game: Redemption
LogPlatformFile: Not using cached read wrapper
LogInit: Display: RandInit(-1399212801) SRandInit(-1399212801).
LogInit: Read version file with build ID '3944462'
LogInit: Overriding engine version to CL 3944462, compatible CL 3944462
LogInit: Registered custom module enumerator with build ID '3944462'
LogTaskGraph: Started task graph with 5 named threads and 11 total threads with 3 sets of task threads.
LogStats: Stats thread started at 0.137807
LogD3D11RHI: Aftermath initialized
LogICUInternationalization: Display: ICU TimeZone Detection - Raw Offset: -6:00, Platform Override: ''
LogModuleManager: Display: Found up-to-date module file ../../../Engine/Plugins/2D/Paper2D/Binaries/Win64/UE4Editor-Paper2D.dll (API version 3944462).
LogModuleManager: Display: Found up-to-date module file ../../../Engine/Plugins/2D/Paper2D/Binaries/Win64/UE4Editor-Paper2DEditor.dll (API version 3944462).
LogModuleManager: Display: Found up-to-date module file ../../../Engine/Plugins/2D/Paper2D/Binaries/Win64/UE4Editor-PaperSpriteSheetImporter.dll (API version 3944462).
LogModuleManager: Display: Found up-to-date module file ../../../Engine/Plugins/2D/Paper2D/Binaries/Win64/UE4Editor-PaperTiledImporter.dll (API version 3944462).
LogModuleManager: Display: Found up-to-date module file ../../../Engine/Plugins/2D/Paper2D/Binaries/Win64/UE4Editor-SmartSnapping.dll (API version 3944462).
LogModuleManager: Display: Found up-to-date module file ../../../Engine/Plugins/Blendables/LightPropagationVolume/Binaries/Win64/UE4Editor-LightPropagationVolumeRuntime.dll (API version 3944462).
LogModuleManager: Display: Found up-to-date module file ../../../Engine/Plugins/Blendables/LightPropagationVolume/Binaries/Win64/UE4Editor-LightPropagationVolumeEditor.dll (API version 3944462).
LogModuleManager: Display: Found up-to-date module file ../../../Engine/Plugins/Developer/CLionSourceCodeAccess/Binaries/Win64/UE4Editor-CLionSourceCodeAccess.dll (API version 3944462).
LogModuleManager: Display: Found up-to-date module file ../../../Engine/Plugins/Developer/GitSourceControl/Binaries/Win64/UE4Editor-GitSourceControl.dll (API version 3944462).
LogModuleManager: Display: Found up-to-date module file ../../../Engine/Plugins/Developer/PerforceSourceControl/Binaries/Win64/UE4Editor-PerforceSourceControl.dll (API version 3944462).
LogModuleManager: Display: Found up-to-date module file ../../../Engine/Plugins/Developer/SubversionSourceControl/Binaries/Win64/UE4Editor-SubversionSourceControl.dll (API version 3944462).
LogModuleManager: Display: Found up-to-date module file ../../../Engine/Plugins/Developer/UObjectPlugin/Binaries/Win64/UE4Editor-UObjectPlugin.dll (API version 3944462).
LogModuleManager: Display: Found up-to-date module file ../../../Engine/Plugins/Developer/VisualStudioCodeSourceCodeAccess/Binaries/Win64/UE4Editor-VisualStudioCodeSourceCodeAccess.dll (API version 3944462).
LogModuleManager: Display: Found up-to-date module file ../../../Engine/Plugins/Developer/VisualStudioSourceCodeAccess/Binaries/Win64/UE4Editor-VisualStudioSourceCodeAccess.dll (API version 3944462).
LogModuleManager: Display: Found up-to-date module file ../../../Engine/Plugins/Editor/AssetManagerEditor/Binaries/Win64/UE4Editor-AssetManagerEditor.dll (API version 3944462).
LogModuleManager: Display: Found up-to-date module file ../../../Engine/Plugins/Editor/CryptoKeys/Binaries/Win64/UE4Editor-CryptoKeys.dll (API version 3944462).
LogModuleManager: Display: Found up-to-date module file ../../../Engine/Plugins/Editor/CryptoKeys/Binaries/Win64/UE4Editor-CryptoKeysOpenSSL.dll (API version 3944462).
LogModuleManager: Display: Found up-to-date module file ../../../Engine/Plugins/Editor/DataValidation/Binaries/Win64/UE4Editor-DataValidation.dll (API version 3944462).
LogModuleManager: Display: Found up-to-date module file ../../../Engine/Plugins/Editor/FacialAnimation/Binaries/Win64/UE4Editor-FacialAnimation.dll (API version 3944462).
LogModuleManager: Display: Found up-to-date module file ../../../Engine/Plugins/Editor/FacialAnimation/Binaries/Win64/UE4Editor-FacialAnimationEditor.dll (API version 3944462).
LogModuleManager: Display: Found up-to-date module file ../../../Engine/Plugins/Editor/GameplayTagsEditor/Binaries/Win64/UE4Editor-GameplayTagsEditor.dll (API version 3944462).
LogModuleManager: Display: Found up-to-date module file ../../../Engine/Plugins/Editor/MobileLauncherProfileWizard/Binaries/Win64/UE4Editor-MobileLauncherProfileWizard.dll (API version 3944462).
LogModuleManager: Display: Found up-to-date module file ../../../Engine/Plugins/Editor/PluginBrowser/Binaries/Win64/UE4Editor-PluginBrowser.dll (API version 3944462).
LogModuleManager: Display: Found up-to-date module file ../../../Engine/Plugins/Editor/SpeedTreeImporter/Binaries/Win64/UE4Editor-SpeedTreeImporter.dll (API version 3944462).
LogModuleManager: Display: Found up-to-date module file ../../../Engine/Plugins/Enterprise/DatasmithContent/Binaries/Win64/UE4Editor-DatasmithContent.dll (API version 3944462).
LogModuleManager: Display: Found up-to-date module file ../../../Engine/Plugins/Experimental/AlembicImporter/Binaries/Win64/UE4Editor-AlembicImporter.dll (API version 3944462).
LogModuleManager: Display: Found up-to-date module file ../../../Engine/Plugins/Experimental/AlembicImporter/Binaries/Win64/UE4Editor-AlembicLibrary.dll (API version 3944462).
LogModuleManager: Display: Found up-to-date module file ../../../Engine/Plugins/Experimental/CharacterAI/Binaries/Win64/UE4Editor-CharacterAI.dll (API version 3944462).
LogModuleManager: Display: Found up-to-date module file ../../../Engine/Plugins/Experimental/HTML5Networking/Binaries/Win64/UE4Editor-HTML5Networking.dll (API version 3944462).
LogModuleManager: Display: Found up-to-date module file ../../../Engine/Plugins/Media/AndroidMedia/Binaries/Win64/UE4Editor-AndroidMediaEditor.dll (API version 3944462).
LogModuleManager: Display: Found up-to-date module file ../../../Engine/Plugins/Media/AndroidMedia/Binaries/Win64/UE4Editor-AndroidMediaFactory.dll (API version 3944462).
LogModuleManager: Display: Found up-to-date module file ../../../Engine/Plugins/Media/AvfMedia/Binaries/Win64/UE4Editor-AvfMediaEditor.dll (API version 3944462).
LogModuleManager: Display: Found up-to-date module file ../../../Engine/Plugins/Media/AvfMedia/Binaries/Win64/UE4Editor-AvfMediaFactory.dll (API version 3944462).
LogModuleManager: Display: Found up-to-date module file ../../../Engine/Plugins/Media/AvfMedia/Binaries/Win64/UE4Editor-AvfMediaFactory.dll (API version 3944462).
LogModuleManager: Display: Found up-to-date module file ../../../Engine/Plugins/Media/ImgMedia/Binaries/Win64/UE4Editor-ImgMedia.dll (API version 3944462).
LogModuleManager: Display: Found up-to-date module file ../../../Engine/Plugins/Media/ImgMedia/Binaries/Win64/UE4Editor-ImgMediaEditor.dll (API version 3944462).
LogModuleManager: Display: Found up-to-date module file ../../../Engine/Plugins/Media/ImgMedia/Binaries/Win64/UE4Editor-ImgMediaFactory.dll (API version 3944462).
LogModuleManager: Display: Found up-to-date module file ../../../Engine/Plugins/Media/ImgMedia/Binaries/Win64/UE4Editor-ImgMediaFactory.dll (API version 3944462).
LogModuleManager: Display: Found up-to-date module file ../../../Engine/Plugins/Media/ImgMedia/Binaries/Win64/UE4Editor-OpenExrWrapper.dll (API version 3944462).
LogModuleManager: Display: Found up-to-date module file ../../../Engine/Plugins/Media/LinearTimecode/Binaries/Win64/UE4Editor-LinearTimecode.dll (API version 3944462).
LogModuleManager: Display: Found up-to-date module file ../../../Engine/Plugins/Media/MediaCompositing/Binaries/Win64/UE4Editor-MediaCompositing.dll (API version 3944462).
LogModuleManager: Display: Found up-to-date module file ../../../Engine/Plugins/Media/MediaCompositing/Binaries/Win64/UE4Editor-MediaCompositingEditor.dll (API version 3944462).
LogModuleManager: Display: Found up-to-date module file ../../../Engine/Plugins/Media/MediaPlayerEditor/Binaries/Win64/UE4Editor-MediaPlayerEditor.dll (API version 3944462).
LogModuleManager: Display: Found up-to-date module file ../../../Engine/Plugins/Media/WmfMedia/Binaries/Win64/UE4Editor-WmfMedia.dll (API version 3944462).
LogModuleManager: Display: Found up-to-date module file ../../../Engine/Plugins/Media/WmfMedia/Binaries/Win64/UE4Editor-WmfMediaEditor.dll (API version 3944462).
LogModuleManager: Display: Found up-to-date module file ../../../Engine/Plugins/Media/WmfMedia/Binaries/Win64/UE4Editor-WmfMediaFactory.dll (API version 3944462).
LogModuleManager: Display: Found up-to-date module file ../../../Engine/Plugins/Media/WmfMedia/Binaries/Win64/UE4Editor-WmfMediaFactory.dll (API version 3944462).
LogModuleManager: Display: Found up-to-date module file ../../../Engine/Plugins/Messaging/TcpMessaging/Binaries/Win64/UE4Editor-TcpMessaging.dll (API version 3944462).
LogModuleManager: Display: Found up-to-date module file ../../../Engine/Plugins/Messaging/UdpMessaging/Binaries/Win64/UE4Editor-UdpMessaging.dll (API version 3944462).
LogModuleManager: Display: Found up-to-date module file ../../../Engine/Plugins/MovieScene/ActorSequence/Binaries/Win64/UE4Editor-ActorSequence.dll (API version 3944462).
LogModuleManager: Display: Found up-to-date module file ../../../Engine/Plugins/MovieScene/LevelSequenceEditor/Binaries/Win64/UE4Editor-LevelSequenceEditor.dll (API version 3944462).
LogModuleManager: Display: Found up-to-date module file ../../../Engine/Plugins/MovieScene/MatineeToLevelSequence/Binaries/Win64/UE4Editor-MatineeToLevelSequence.dll (API version 3944462).
LogModuleManager: Display: Found up-to-date module file ../../../Engine/Plugins/NetcodeUnitTest/NetcodeUnitTest/Binaries/Win64/UE4Editor-NetcodeUnitTest.dll (API version 3944462).
LogModuleManager: Display: Found up-to-date module file ../../../Engine/Plugins/NetcodeUnitTest/NUTUnrealEngine4/Binaries/Win64/UE4Editor-NUTUnrealEngine4.dll (API version 3944462).
LogModuleManager: Display: Found up-to-date module file ../../../Engine/Plugins/Online/OnlineSubsystem/Binaries/Win64/UE4Editor-OnlineSubsystem.dll (API version 3944462).
LogModuleManager: Display: Found up-to-date module file ../../../Engine/Plugins/Runtime/AndroidPermission/Binaries/Win64/UE4Editor-AndroidPermission.dll (API version 3944462).
LogModuleManager: Display: Found up-to-date module file ../../../Engine/Plugins/Online/OnlineSubsystemNull/Binaries/Win64/UE4Editor-OnlineSubsystemNull.dll (API version 3944462).
LogModuleManager: Display: Found up-to-date module file ../../../Engine/Plugins/Online/OnlineSubsystemUtils/Binaries/Win64/UE4Editor-OnlineSubsystemUtils.dll (API version 3944462).
LogModuleManager: Display: Found up-to-date module file ../../../Engine/Plugins/Online/OnlineSubsystemUtils/Binaries/Win64/UE4Editor-OnlineBlueprintSupport.dll (API version 3944462).
LogModuleManager: Display: Found up-to-date module file ../../../Engine/Plugins/Runtime/AndroidDeviceProfileSelector/Binaries/Win64/UE4Editor-AndroidDeviceProfileSelector.dll (API version 3944462).
LogModuleManager: Display: Found up-to-date module file ../../../Engine/Plugins/Runtime/AppleARKit/Binaries/Win64/UE4Editor-AppleARKit.dll (API version 3944462).
LogModuleManager: Display: Found up-to-date module file ../../../Engine/Plugins/Runtime/ProceduralMeshComponent/Binaries/Win64/UE4Editor-ProceduralMeshComponent.dll (API version 3944462).
LogModuleManager: Display: Found up-to-date module file ../../../Engine/Plugins/Runtime/ProceduralMeshComponent/Binaries/Win64/UE4Editor-ProceduralMeshComponentEditor.dll (API version 3944462).
LogModuleManager: Display: Found up-to-date module file ../../../Engine/Plugins/Animation/LiveLink/Binaries/Win64/UE4Editor-LiveLink.dll (API version 3944462).
LogModuleManager: Display: Found up-to-date module file ../../../Engine/Plugins/Animation/LiveLink/Binaries/Win64/UE4Editor-LiveLinkEditor.dll (API version 3944462).
LogModuleManager: Display: Found up-to-date module file ../../../Engine/Plugins/Runtime/ArchVisCharacter/Binaries/Win64/UE4Editor-ArchVisCharacter.dll (API version 3944462).
LogModuleManager: Display: Found up-to-date module file ../../../Engine/Plugins/Runtime/AudioCapture/Binaries/Win64/UE4Editor-AudioCapture.dll (API version 3944462).
LogModuleManager: Display: Found up-to-date module file ../../../Engine/Plugins/Runtime/AudioCapture/Binaries/Win64/UE4Editor-AudioCaptureEditor.dll (API version 3944462).
LogModuleManager: Display: Found up-to-date module file ../../../Engine/Plugins/Runtime/CableComponent/Binaries/Win64/UE4Editor-CableComponent.dll (API version 3944462).
LogModuleManager: Display: Found up-to-date module file ../../../Engine/Plugins/Runtime/CustomMeshComponent/Binaries/Win64/UE4Editor-CustomMeshComponent.dll (API version 3944462).
LogModuleManager: Display: Found up-to-date module file ../../../Engine/Plugins/Runtime/ExampleDeviceProfileSelector/Binaries/Win64/UE4Editor-ExampleDeviceProfileSelector.dll (API version 3944462).
LogModuleManager: Display: Found up-to-date module file ../../../Engine/Plugins/Runtime/ImmediatePhysics/Binaries/Win64/UE4Editor-ImmediatePhysics.dll (API version 3944462).
LogModuleManager: Display: Found up-to-date module file ../../../Engine/Plugins/Runtime/ImmediatePhysics/Binaries/Win64/UE4Editor-ImmediatePhysicsEditor.dll (API version 3944462).
LogModuleManager: Display: Found up-to-date module file ../../../Engine/Plugins/Runtime/LocationServicesBPLibrary/Binaries/Win64/UE4Editor-LocationServicesBPLibrary.dll (API version 3944462).
LogModuleManager: Display: Found up-to-date module file ../../../Engine/Plugins/Runtime/MobilePatchingUtils/Binaries/Win64/UE4Editor-MobilePatchingUtils.dll (API version 3944462).
LogModuleManager: Display: Found up-to-date module file ../../../Engine/Plugins/Runtime/Oculus/OculusVR/Binaries/Win64/UE4Editor-OculusHMD.dll (API version 3944462).
LogModuleManager: Display: Found up-to-date module file ../../../Engine/Plugins/Runtime/Oculus/OculusVR/Binaries/Win64/UE4Editor-OculusInput.dll (API version 3944462).
LogModuleManager: Display: Found up-to-date module file ../../../Engine/Plugins/Runtime/Oculus/OculusVR/Binaries/Win64/UE4Editor-OculusEditor.dll (API version 3944462).
LogModuleManager: Display: Found up-to-date module file ../../../Engine/Plugins/Runtime/PhysXVehicles/Binaries/Win64/UE4Editor-PhysXVehicles.dll (API version 3944462).
LogModuleManager: Display: Found up-to-date module file ../../../Engine/Plugins/Runtime/PhysXVehicles/Binaries/Win64/UE4Editor-PhysXVehiclesEditor.dll (API version 3944462).
LogModuleManager: Display: Found up-to-date module file ../../../Engine/Plugins/Runtime/RuntimePhysXCooking/Binaries/Win64/UE4Editor-RuntimePhysXCooking.dll (API version 3944462).
LogModuleManager: Display: Found up-to-date module file ../../../Engine/Plugins/Runtime/Steam/SteamVR/Binaries/Win64/UE4Editor-SteamVR.dll (API version 3944462).
LogModuleManager: Display: Found up-to-date module file ../../../Engine/Plugins/Runtime/Steam/SteamVR/Binaries/Win64/UE4Editor-SteamVRController.dll (API version 3944462).
LogModuleManager: Display: Found up-to-date module file ../../../Engine/Plugins/Runtime/WindowsMoviePlayer/Binaries/Win64/UE4Editor-WindowsMoviePlayer.dll (API version 3944462).
LogPluginManager: Mounting plugin Paper2D
LogPluginManager: Mounting plugin LiveLink
LogPluginManager: Mounting plugin LightPropagationVolume
LogPluginManager: Mounting plugin CLionSourceCodeAccess
LogPluginManager: Mounting plugin CodeLiteSourceCodeAccess
LogPluginManager: Mounting plugin GitSourceControl
LogPluginManager: Mounting plugin KDevelopSourceCodeAccess
LogPluginManager: Mounting plugin NullSourceCodeAccess
LogPluginManager: Mounting plugin PerforceSourceControl
LogPluginManager: Mounting plugin SubversionSourceControl
LogPluginManager: Mounting plugin UObjectPlugin
LogPluginManager: Mounting plugin VisualStudioCodeSourceCodeAccess
LogPluginManager: Mounting plugin VisualStudioSourceCodeAccess
LogPluginManager: Mounting plugin XCodeSourceCodeAccess
LogPluginManager: Mounting plugin AssetManagerEditor
LogPluginManager: Mounting plugin CryptoKeys
LogPluginManager: Mounting plugin DataValidation
LogPluginManager: Mounting plugin FacialAnimation
LogPluginManager: Mounting plugin GameplayTagsEditor
LogPluginManager: Mounting plugin MobileLauncherProfileWizard
LogPluginManager: Mounting plugin PluginBrowser
LogPluginManager: Mounting plugin SpeedTreeImporter
LogPluginManager: Mounting plugin DatasmithContent
LogPluginManager: Mounting plugin AlembicImporter
LogPluginManager: Mounting plugin CharacterAI
LogPluginManager: Mounting plugin HTML5Networking
LogPluginManager: Mounting plugin AndroidMedia
LogPluginManager: Mounting plugin AvfMedia
LogPluginManager: Mounting plugin ImgMedia
LogPluginManager: Mounting plugin LinearTimecode
LogPluginManager: Mounting plugin MediaCompositing
LogPluginManager: Mounting plugin MediaPlayerEditor
LogPluginManager: Mounting plugin WmfMedia
LogPluginManager: Mounting plugin TcpMessaging
LogPluginManager: Mounting plugin UdpMessaging
LogPluginManager: Mounting plugin ActorSequence
LogPluginManager: Mounting plugin LevelSequenceEditor
LogPluginManager: Mounting plugin MatineeToLevelSequence
LogPluginManager: Mounting plugin NetcodeUnitTest
LogPluginManager: Mounting plugin NUTUnrealEngine4
LogPluginManager: Mounting plugin OnlineSubsystemGooglePlay
LogPluginManager: Mounting plugin OnlineSubsystemIOS
LogPluginManager: Mounting plugin OnlineSubsystem
LogPluginManager: Mounting plugin OnlineSubsystemNull
LogPluginManager: Mounting plugin OnlineSubsystemUtils
LogPluginManager: Mounting plugin AndroidDeviceProfileSelector
LogPluginManager: Mounting plugin AndroidMoviePlayer
LogPluginManager: Mounting plugin AndroidPermission
LogPluginManager: Mounting plugin AppleARKit
LogPluginManager: Mounting plugin AppleMoviePlayer
LogPluginManager: Mounting plugin ArchVisCharacter
LogPluginManager: Mounting plugin AudioCapture
LogPluginManager: Mounting plugin CableComponent
LogPluginManager: Mounting plugin CustomMeshComponent
LogPluginManager: Mounting plugin ExampleDeviceProfileSelector
LogPluginManager: Mounting plugin GoogleCloudMessaging
LogPluginManager: Mounting plugin ImmediatePhysics
LogPluginManager: Mounting plugin IOSDeviceProfileSelector
LogPluginManager: Mounting plugin LinuxDeviceProfileSelector
LogPluginManager: Mounting plugin LocationServicesBPLibrary
LogPluginManager: Mounting plugin MobilePatchingUtils
LogPluginManager: Mounting plugin OculusVR
LogPluginManager: Plugin shader directory ../../../Engine/Plugins/Runtime/Oculus/OculusVR/Shaders found
LogPluginManager: Mapping shader source directory ../../../Engine/Plugins/Runtime/Oculus/OculusVR/Shaders to virtual directory /Plugin/OculusVR
LogPluginManager: Mounting plugin PhysXVehicles
LogPluginManager: Mounting plugin ProceduralMeshComponent
LogPluginManager: Mounting plugin RuntimePhysXCooking
LogPluginManager: Mounting plugin SteamVR
LogPluginManager: Mounting plugin WindowsMoviePlayer
LogStreaming: Display: Took  1.004s to configure plugins.
LogInit: Using libcurl 7.47.1
LogInit:  - built for x86_64-pc-win32
LogInit:  - supports SSL with OpenSSL/1.0.2g
LogInit:  - supports HTTP deflate (compression) using libz 1.2.8
LogInit:  - other features:
LogInit:      CURL_VERSION_SSL
LogInit:      CURL_VERSION_LIBZ
LogInit:      CURL_VERSION_IPV6
LogInit:      CURL_VERSION_ASYNCHDNS
LogInit:      CURL_VERSION_LARGEFILE
LogInit:      CURL_VERSION_IDN
LogInit:  CurlRequestOptions (configurable via config and command line):
LogInit:  - bVerifyPeer = false  - Libcurl will NOT verify peer certificate
LogInit:  - bUseHttpProxy = false  - Libcurl will NOT use HTTP proxy
LogInit:  - bDontReuseConnections = false  - Libcurl will reuse connections
LogInit:  - CertBundlePath = nullptr  - Libcurl will use whatever was configured at build time.
LogInit:  - MaxHostConnections = 16  - Libcurl will limit the number of connections to a host
LogInit:  - LocalHostAddr = Default
LogInit: WinSock: version 1.1 (2.2), MaxSocks=32767, MaxUdp=65467
LogInit: WinSock: I am Alex-PC (10.0.0.7:0)
LogInit: Build: ++UE4+Release-4.19-CL-3944462
LogInit: Engine Version: 4.19.0-3944462+++UE4+Release-4.19
LogInit: Compatible Engine Version: 4.19.0-3944462+++UE4+Release-4.19
LogInit: Net CL: 3944462
LogDevObjectVersion: Number of dev versions registered: 18
LogDevObjectVersion:   Dev-Blueprints (B0D832E4-1F89-4F0D-ACCF-7EB736FD4AA2): 10
LogDevObjectVersion:   Dev-Build (E1C64328-A22C-4D53-A36C-8E866417BD8C): 0
LogDevObjectVersion:   Dev-Core (375EC13C-06E4-48FB-B500-84F0262A717E): 2
LogDevObjectVersion:   Dev-Editor (E4B068ED-F494-42E9-A231-DA0B2E46BB41): 23
LogDevObjectVersion:   Dev-Framework (CFFC743F-43B0-4480-9391-14DF171D2073): 33
LogDevObjectVersion:   Dev-Mobile (B02B49B5-BB20-44E9-A304-32B752E40360): 2
LogDevObjectVersion:   Dev-Networking (A4E4105C-59A1-49B5-A7C5-40C4547EDFEE): 0
LogDevObjectVersion:   Dev-Online (39C831C9-5AE6-47DC-9A44-9C173E1C8E7C): 0
LogDevObjectVersion:   Dev-Physics (78F01B33-EBEA-4F98-B9B4-84EACCB95AA2): 0
LogDevObjectVersion:   Dev-Platform (6631380F-2D4D-43E0-8009-CF276956A95A): 0
LogDevObjectVersion:   Dev-Rendering (12F88B9F-8875-4AFC-A67C-D90C383ABD29): 25
LogDevObjectVersion:   Dev-Sequencer (7B5AE74C-D270-4C10-A958-57980B212A5A): 6
LogDevObjectVersion:   Dev-VR (D7296918-1DD6-4BDD-9DE2-64A83CC13884): 1
LogDevObjectVersion:   Dev-LoadTimes (C2A15278-BFE7-4AFE-6C17-90FF531DF755): 1
LogDevObjectVersion:   Private-Geometry (6EACA3D4-40EC-4CC1-B786-8BED09428FC5): 2
LogDevObjectVersion:   Dev-AnimPhys (29E575DD-E0A3-4627-9D10-D276232CDCEA): 16
LogDevObjectVersion:   Dev-ReflectionCapture (6B266CEC-1EC7-4B8F-A30B-E4D90942FC07): 1
LogDevObjectVersion:   Dev-Automation (0DF73D61-A23F-47EA-B727-89E90C41499A): 1
LogInit: Compiled (64-bit): Mar 13 2018 23:12:32
LogInit: Compiled with Visual C++: 19.00.24215.01
LogInit: Build Configuration: Development
LogInit: Branch Name: ++UE4+Release-4.19
LogInit: Command Line:  
LogInit: Base Directory: C:/Program Files/Epic Games/UE_4.19/Engine/Binaries/Win64/
LogInit: Installed Engine Build: 1
LogStreaming: Display: Took  0.000s to delete old logs.
LogInit: Presizing for max 8388607 objects, including 0 objects not considered by GC, pre-allocating 0 bytes for permanent pool.
LogInit: Object subsystem initialized
[2018.04.09-11.00.04:238][  0]LogInit: Selected Device Profile: [Windows]
[2018.04.09-11.00.04:238][  0]LogInit: Applying CVar settings loaded from the selected device profile: [Windows]
[2018.04.09-11.00.04:249][  0]LogInit: Computer: ALEX-PC
[2018.04.09-11.00.04:249][  0]LogInit: User: Alex
[2018.04.09-11.00.04:249][  0]LogInit: CPU Page size=4096, Cores=2
[2018.04.09-11.00.04:249][  0]LogInit: High frequency timer resolution =3.609377 MHz
[2018.04.09-11.00.04:249][  0]LogMemory: Memory total: Physical=16.0GB (16GB approx)
[2018.04.09-11.00.04:249][  0]LogMemory: Platform Memory Stats for Windows
[2018.04.09-11.00.04:249][  0]LogMemory: Process Physical Memory: 273.20 MB used, 273.20 MB peak
[2018.04.09-11.00.04:249][  0]LogMemory: Process Virtual Memory: 265.98 MB used, 265.98 MB peak
[2018.04.09-11.00.04:249][  0]LogMemory: Physical Memory: 5080.45 MB used,  11255.98 MB free, 16336.43 MB total
[2018.04.09-11.00.04:249][  0]LogMemory: Virtual Memory: 681.03 MB used,  11255.98 MB free, 134217728.00 MB total
[2018.04.09-11.00.04:268][  0]LogInit: Using OS detected language (en-US).
[2018.04.09-11.00.04:268][  0]LogInit: Using OS detected locale (en-US).
[2018.04.09-11.00.04:270][  0]LogTextLocalizationManager: No specific localization for 'en-US' exists, so the 'en' localization will be used.
[2018.04.09-11.00.04:632][  0]LogStreaming: Display: Took  0.365s to EndInitTextLocalization.
[2018.04.09-11.00.04:633][  0]LogInit: Setting process to per monitor DPI aware
[2018.04.09-11.00.04:670][  0]LogSlate: New Slate User Created.  User Index 0, Is Virtual User: 0
[2018.04.09-11.00.04:670][  0]LogSlate: Slate User Registered.  User Index 0, Is Virtual User: 0
[2018.04.09-11.00.04:825][  0]LogD3D11RHI: D3D11 adapters:
[2018.04.09-11.00.04:864][  0]LogD3D11RHI:    0. 'NVIDIA GeForce GTX 970' (Feature Level 11_0)
[2018.04.09-11.00.04:864][  0]LogD3D11RHI:       4043/0/8168 MB DedicatedVideo/DedicatedSystem/SharedSystem, Outputs:1, VendorId:0x10de
[2018.04.09-11.00.04:866][  0]LogD3D11RHI:    1. 'Microsoft Basic Render Driver' (Feature Level 11_0)
[2018.04.09-11.00.04:866][  0]LogD3D11RHI:       0/0/8168 MB DedicatedVideo/DedicatedSystem/SharedSystem, Outputs:0, VendorId:0x1414
[2018.04.09-11.00.04:866][  0]LogD3D11RHI: Chosen D3D11 Adapter: 0
[2018.04.09-11.00.04:871][  0]LogD3D11RHI: Creating new Direct3DDevice
[2018.04.09-11.00.04:871][  0]LogD3D11RHI:     GPU DeviceId: 0x13c2 (for the marketing name, search the web for "GPU Device Id")
[2018.04.09-11.00.04:871][  0]LogWindows: EnumDisplayDevices:
[2018.04.09-11.00.04:871][  0]LogWindows:    0. 'NVIDIA GeForce GTX 970' (P:1 D:1)
[2018.04.09-11.00.04:871][  0]LogWindows:    1. 'NVIDIA GeForce GTX 970' (P:0 D:0)
[2018.04.09-11.00.04:871][  0]LogWindows:    2. 'NVIDIA GeForce GTX 970' (P:0 D:0)
[2018.04.09-11.00.04:871][  0]LogWindows:    3. 'NVIDIA GeForce GTX 970' (P:0 D:0)
[2018.04.09-11.00.04:871][  0]LogWindows: DebugString: GetVideoDriverDetailsInvalid PrimaryIsNotTheChoosenAdapter GetVideoDriverDetailsInvalid PrimaryIsNotTheChoosenAdapter GetVideoDriverDetailsInvalid PrimaryIsNotTheChoosenAdapter GetVideoDriverDetailsInvalid PrimaryIsNotTheChoosenAdapter FoundDriverCount:0 
[2018.04.09-11.00.04:871][  0]LogD3D11RHI:     Adapter Name: NVIDIA GeForce GTX 970
[2018.04.09-11.00.04:871][  0]LogD3D11RHI:   Driver Version: Unknown (internal:Unknown, unified:Unknown)
[2018.04.09-11.00.04:871][  0]LogD3D11RHI:      Driver Date: Unknown
[2018.04.09-11.00.04:871][  0]LogRHI: Texture pool is 2830 MB (70% of 4043 MB)
[2018.04.09-11.00.04:892][  0]LogD3D11RHI: [Aftermath] Aftermath enabled and primed
[2018.04.09-11.00.04:892][  0]LogD3D11RHI: Async texture creation enabled
[2018.04.09-11.00.04:910][  0]LogD3D11RHI: GPU Timing Frequency: 1000.000000 (Debug: 2 2)
[2018.04.09-11.00.04:956][  0]LogShaderCompilers: Guid format shader working directory is -16 characters bigger than the processId version (../../../../../../Users/Alex/Desktop/Git Projects/Redemption/Intermediate/Shaders/WorkingDirectory/13656/).
[2018.04.09-11.00.04:956][  0]LogShaderCompilers: Cleaned the shader compiler working directory 'C:/Users/Alex/AppData/Local/Temp/UnrealShaderWorkingDir/A89B39024AF52FA6540DA3BD27C1D2EE/'.
[2018.04.09-11.00.05:262][  0]LogTemp: Display: Loaded TP AllDesktopTargetPlatform
[2018.04.09-11.00.05:275][  0]LogTemp: Display: Loaded TP MacClientTargetPlatform
[2018.04.09-11.00.05:287][  0]LogTemp: Display: Loaded TP MacNoEditorTargetPlatform
[2018.04.09-11.00.05:299][  0]LogTemp: Display: Loaded TP MacServerTargetPlatform
[2018.04.09-11.00.05:313][  0]LogTemp: Display: Loaded TP MacTargetPlatform
[2018.04.09-11.00.05:325][  0]LogTemp: Display: Loaded TP WindowsClientTargetPlatform
[2018.04.09-11.00.05:337][  0]LogTemp: Display: Loaded TP WindowsNoEditorTargetPlatform
[2018.04.09-11.00.05:350][  0]LogTemp: Display: Loaded TP WindowsServerTargetPlatform
[2018.04.09-11.00.05:356][  0]LogTemp: Display: Loaded TP WindowsTargetPlatform
[2018.04.09-11.00.05:368][  0]LogTemp: Display: Loaded TP Android_ASTCTargetPlatform
[2018.04.09-11.00.05:378][  0]LogTemp: Display: Loaded TP Android_ATCTargetPlatform
[2018.04.09-11.00.05:388][  0]LogTemp: Display: Loaded TP Android_DXTTargetPlatform
[2018.04.09-11.00.05:398][  0]LogTemp: Display: Loaded TP Android_ETC1aTargetPlatform
[2018.04.09-11.00.05:409][  0]LogTemp: Display: Loaded TP Android_ETC1TargetPlatform
[2018.04.09-11.00.05:419][  0]LogTemp: Display: Loaded TP Android_ETC2TargetPlatform
[2018.04.09-11.00.05:440][  0]LogTemp: Display: Loaded TP Android_MultiTargetPlatform
[2018.04.09-11.00.05:440][  0]LogTemp: Display: Loaded TP Android_PVRTCTargetPlatform
[2018.04.09-11.00.05:451][  0]LogTemp: Display: Loaded TP AndroidTargetPlatform
[2018.04.09-11.00.05:452][  0]LogTemp: Display: Loaded TP HTML5TargetPlatform
[2018.04.09-11.00.05:487][  0]LogTemp: Display: Loaded TP IOSTargetPlatform
[2018.04.09-11.00.05:498][  0]LogTemp: Display: Loaded TP TVOSTargetPlatform
[2018.04.09-11.00.05:508][  0]LogTemp: Display: Loaded TP LinuxClientTargetPlatform
[2018.04.09-11.00.05:518][  0]LogTemp: Display: Loaded TP LinuxNoEditorTargetPlatform
[2018.04.09-11.00.05:528][  0]LogTemp: Display: Loaded TP LinuxServerTargetPlatform
[2018.04.09-11.00.05:538][  0]LogTemp: Display: Loaded TP LinuxTargetPlatform
[2018.04.09-11.00.05:538][  0]LogTargetPlatformManager: Display: Building Assets For Windows
[2018.04.09-11.00.05:646][  0]LogXGEController: Cleaning working directory: C:/Users/Alex/AppData/Local/Temp/UnrealXGEWorkingDir/
[2018.04.09-11.00.05:646][  0]LogXGEController: Cannot use XGE Controller as Incredibuild is not installed on this machine.
[2018.04.09-11.00.05:646][  0]LogShaderCompilers: Cannot use XGE Shader Compiler as Incredibuild is not installed on this machine.
[2018.04.09-11.00.05:646][  0]LogShaderCompilers: Display: Using Local Shader Compiler.
[2018.04.09-11.00.06:244][  0]LogDerivedDataCache: Display: Max Cache Size: 512 MB
[2018.04.09-11.00.06:301][  0]LogDerivedDataCache: Loaded boot cache 0.06s 74MB C:/Users/Alex/AppData/Local/UnrealEngine/4.19/DerivedDataCache/Boot.ddc.
[2018.04.09-11.00.06:301][  0]LogDerivedDataCache: Display: Loaded Boot cache: C:/Users/Alex/AppData/Local/UnrealEngine/4.19/DerivedDataCache/Boot.ddc
[2018.04.09-11.00.06:301][  0]LogDerivedDataCache: FDerivedDataBackendGraph:  Pak pak cache file ../../../../../../Users/Alex/Desktop/Git Projects/Redemption/DerivedDataCache/DDC.ddp not found, will not use a pak cache.
[2018.04.09-11.00.06:301][  0]LogDerivedDataCache: Unable to find inner node Pak for hierarchical cache Hierarchy.
[2018.04.09-11.00.06:301][  0]LogDerivedDataCache: FDerivedDataBackendGraph:  CompressedPak pak cache file ../../../../../../Users/Alex/Desktop/Git Projects/Redemption/DerivedDataCache/Compressed.ddp not found, will not use a pak cache.
[2018.04.09-11.00.06:301][  0]LogDerivedDataCache: Unable to find inner node CompressedPak for hierarchical cache Hierarchy.
[2018.04.09-11.00.06:315][  0]LogDerivedDataCache: Display: Pak cache opened for reading ../../../Engine/DerivedDataCache/Compressed.ddp.
[2018.04.09-11.00.06:327][  0]LogDerivedDataCache: Using Local data cache path C:/Users/Alex/AppData/Local/UnrealEngine/Common/DerivedDataCache: Writable
[2018.04.09-11.00.06:337][  0]LogMaterial: Verifying Global Shaders for PCD3D_SM5
[2018.04.09-11.00.06:337][  0]LogSlate: Using Freetype 2.6.0
[2018.04.09-11.00.06:337][  0]LogSlate: SlateFontCache - WITH_FREETYPE: 1, WITH_HARFBUZZ: 1
[2018.04.09-11.00.06:337][  0]LogSlate: SlateFontCache - WITH_FREETYPE: 1, WITH_HARFBUZZ: 1
[2018.04.09-11.00.06:444][  0]LogAssetRegistry: FAssetRegistry took 0.0251 seconds to start up
[2018.04.09-11.00.06:710][  0]LogInit: Selected Device Profile: [Windows]
[2018.04.09-11.00.06:875][  0]LogSimplygon: Simplygon DLL not present - disabling.
[2018.04.09-11.00.06:878][  0]LogMeshReduction: Using SimplygonSwarm for distributed automatic mesh merging
[2018.04.09-11.00.06:878][  0]LogMeshReduction: Using QuadricMeshReduction for automatic static mesh reduction
[2018.04.09-11.00.06:878][  0]LogMeshReduction: No automatic skeletal mesh reduction module available
[2018.04.09-11.00.06:878][  0]LogMeshReduction: No automatic mesh merging module available
[2018.04.09-11.00.06:878][  0]LogMeshMerging: No automatic mesh merging module available
[2018.04.09-11.00.06:909][  0]LogNetVersion: Redemption , NetCL: 3944462, EngineNetVer: 2, GameNetVer: 0 (Checksum: 4004884042)
[2018.04.09-11.00.07:321][  0]LogPackageLocalizationCache: Processed 9 localized package path(s) for 2 prioritized culture(s) in 0.082081 seconds
[2018.04.09-11.00.07:326][  0]LogUObjectArray: 36728 objects as part of root set at end of initial load.
[2018.04.09-11.00.07:326][  0]LogUObjectAllocator: 7314312 out of 0 bytes used by permanent object pool.
[2018.04.09-11.00.07:326][  0]LogUObjectArray: CloseDisregardForGC: 0/0 objects in disregard for GC pool
[2018.04.09-11.00.08:794][  0]LogTcpMessaging: Initializing TcpMessaging bridge
[2018.04.09-11.00.08:821][  0]LogUdpMessaging: Initializing bridge on interface 0.0.0.0:0 to multicast group 230.0.0.1:6666.
[2018.04.09-11.00.09:136][  0]SourceControl: Source control is disabled
[2018.04.09-11.00.10:150][  0]LogAndroidPermission: UAndroidPermissionCallbackProxy::GetInstance
[2018.04.09-11.00.10:280][  0]LogOcInput: OculusInput pre-init called
[2018.04.09-11.00.10:412][  0]LogEngine: Initializing Engine...
[2018.04.09-11.00.10:413][  0]LogHMD: Failed to initialize OpenVR with code 110
[2018.04.09-11.00.10:414][  0]LogStats: UGameplayTagsManager::ConstructGameplayTagTree: Construct from data asset -  0.000 s
[2018.04.09-11.00.10:414][  0]LogStats: UGameplayTagsManager::ConstructGameplayTagTree: GameplayTagTreeChangedEvent.Broadcast -  0.000 s
[2018.04.09-11.00.10:609][  0]LogAIModule: Creating AISystem for world Untitled
[2018.04.09-11.00.10:619][  0]LogInit: XAudio2 using 'LG TV (NVIDIA High Definition Audio)' : 2 channels at 48 kHz using 16 bits per sample (channel mask 0x3)
[2018.04.09-11.00.10:627][  0]LogInit: FAudioDevice initialized.
[2018.04.09-11.00.10:723][  0]LogDerivedDataCache: Saved boot cache 0.09s 74MB C:/Users/Alex/AppData/Local/UnrealEngine/4.19/DerivedDataCache/Boot.ddc.
[2018.04.09-11.00.10:732][  0]LogInit: Texture streaming: Enabled
[2018.04.09-11.00.10:749][  0]LogEngineSessionManager: EngineSessionManager initialized
[2018.04.09-11.00.10:763][  0]LogInit: Transaction tracking system initialized
[2018.04.09-11.00.10:791][  0]BlueprintLog: New page: Editor Load
[2018.04.09-11.00.10:875][  0]LocalizationService: Localization service is disabled
[2018.04.09-11.00.10:975][  0]LogConsoleResponse: Display: 
[2018.04.09-11.00.11:112][  0]LogCook: Display: Max memory allowance for cook 16384mb min free memory 0mb
[2018.04.09-11.00.11:112][  0]LogCook: Display: Mobile HDR setting 1
[2018.04.09-11.00.11:112][  0]LogGameplayTags: Display: UGameplayTagsManager::DoneAddingNativeTags. DelegateIsBound: 0
[2018.04.09-11.00.11:112][  0]LogStats: UGameplayTagsManager::ConstructGameplayTagTree: Construct from data asset -  0.000 s
[2018.04.09-11.00.11:112][  0]LogStats: UGameplayTagsManager::ConstructGameplayTagTree: GameplayTagTreeChangedEvent.Broadcast -  0.000 s
[2018.04.09-11.00.11:465][  0]LogFileCache: Scanning file cache for directory 'C:/Users/Alex/Desktop/Git Projects/Redemption/Content/' took 0.02s
[2018.04.09-11.00.11:465][  0]Cmd: MAP LOAD FILE="../../../Engine/Content/Maps/Templates/Template_Default.umap" TEMPLATE=1 SHOWPROGRESS=1 FEATURELEVEL=3
[2018.04.09-11.00.11:465][  0]LightingResults: New page: Lighting Build
[2018.04.09-11.00.11:468][  0]MapCheck: New page: Map Check
[2018.04.09-11.00.11:469][  0]LightingResults: New page: Lighting Build
[2018.04.09-11.00.11:635][  0]LogAIModule: Creating AISystem for world Untitled_1
[2018.04.09-11.00.11:641][  0]LogEditorServer: Finished looking for orphan Actors (0.000 secs)
[2018.04.09-11.00.11:654][  0]Cmd: MAP CHECKDEP NOCLEARLOG
[2018.04.09-11.00.11:693][  0]MapCheck: Map check complete: 0 Error(s), 0 Warning(s), took 38.673ms to complete.
[2018.04.09-11.00.11:693][  0]LogFileHelpers: Loading map 'Template_Default' took 0.228
[2018.04.09-11.00.11:767][  0]LogCollectionManager: Loaded 0 collections in 0.002546 seconds
[2018.04.09-11.00.11:808][  0]LogFileCache: Scanning file cache for directory 'C:/Users/Alex/Desktop/Git Projects/Redemption/Saved/Collections/' took 0.01s
[2018.04.09-11.00.11:808][  0]LogFileCache: Scanning file cache for directory 'C:/Users/Alex/Desktop/Git Projects/Redemption/Content/Developers/Alex/Collections/' took 0.01s
[2018.04.09-11.00.11:808][  0]LogFileCache: Scanning file cache for directory 'C:/Users/Alex/Desktop/Git Projects/Redemption/Content/Collections/' took 0.01s
[2018.04.09-11.00.11:808][  0]LogCollectionManager: Rebuilt the GUID cache for 0 collections in 0.000001 seconds
[2018.04.09-11.00.11:815][  0]LogContentBrowser: Native class hierarchy populated in 0.0074 seconds. Added 2452 classes and 558 folders.
[2018.04.09-11.00.11:823][  0]LogContentBrowser: Native class hierarchy updated for 'WidgetCarousel' in 0.0002 seconds. Added 0 classes and 0 folders.
[2018.04.09-11.00.11:855][  0]LogContentBrowser: Native class hierarchy updated for 'AddContentDialog' in 0.0002 seconds. Added 0 classes and 0 folders.
[2018.04.09-11.00.11:927][  0]LogContentBrowser: Native class hierarchy updated for 'SceneOutliner' in 0.0002 seconds. Added 1 classes and 2 folders.
[2018.04.09-11.00.11:935][  0]LogSlate: Took 0.000224 seconds to synchronously load lazily loaded font '../../../Engine/Content/Slate/Fonts/Roboto-Regular.ttf' (155K)
[2018.04.09-11.00.11:937][  0]LogSlate: Took 0.000212 seconds to synchronously load lazily loaded font '../../../Engine/Content/Editor/Slate/Fonts/FontAwesome.ttf' (139K)
[2018.04.09-11.00.11:938][  0]LogSlate: Took 0.000235 seconds to synchronously load lazily loaded font '../../../Engine/Content/Slate/Fonts/Roboto-Bold.ttf' (160K)
[2018.04.09-11.00.12:044][  0]LogRenderer: Reallocating scene render targets to support 776x612 Format 10 NumSamples 1 (Frame:1).
[2018.04.09-11.00.12:187][  0]LogContentBrowser: Native class hierarchy updated for 'HierarchicalLODOutliner' in 0.0004 seconds. Added 0 classes and 0 folders.
[2018.04.09-11.00.12:187][  0]LogLoad: (Engine Initialization) Total time: 9.99 seconds
[2018.04.09-11.00.12:187][  0]LogLoad: (Engine Initialization) Total Blueprint compile time: 0.00 seconds
[2018.04.09-11.00.12:197][  0]LogWindowsTextInputMethodSystem: Display: IME system now deactivated.
[2018.04.09-11.00.12:214][  0]LogContentStreaming: Texture pool size now 1000 MB
[2018.04.09-11.00.12:223][  0]LogSlate: Took 0.000176 seconds to synchronously load lazily loaded font '../../../Engine/Content/Slate/Fonts/Roboto-Light.ttf' (167K)
[2018.04.09-11.00.12:240][  1]LogAssetRegistry: Asset discovery search completed in 5.8177 seconds
[2018.04.09-11.00.12:242][  1]LogCollectionManager: Rebuilt the object cache for 0 collections in 0.000000 seconds (found 0 objects)
[2018.04.09-11.00.12:242][  1]LogCollectionManager: Fixed up redirectors for 0 collections in 0.000059 seconds (updated 0 objects)
[2018.04.09-11.00.14:310][225]LogSlate: FSceneViewport::OnFocusLost() reason 2
[2018.04.09-11.00.17:253][575]SourceControl: fatal: C:/Program Files/Epic Games/UE_4.19/Engine/Content: 'C:/Program Files/Epic Games/UE_4.19/Engine/Content' is outside repository
[2018.04.09-11.00.17:386][575]LogPackageName: Error: Illegal call to DoesPackageExist: '../../../../../../Users/Alex/Desktop/Git Projects/Redemption/Redemption.uproject' is not a standard unreal filename or a long path name. Reason: Path should be no less than 4 characters long.
[2018.04.09-11.01.08:871][575]LogStats: FPlatformStackWalk::StackWalkAndDump - 51.480 s
[2018.04.09-11.01.08:871][575]LogOutputDevice: Error: === Handled ensure: ===
[2018.04.09-11.01.08:871][575]LogOutputDevice: Error: 
[2018.04.09-11.01.08:871][575]LogOutputDevice: Error: Ensure condition failed: false [File:D:\Build\++UE4+Release-4.19+Compile\Sync\Engine\Source\Runtime\CoreUObject\Private\Misc\PackageName.cpp] [Line: 818]
[2018.04.09-11.01.08:871][575]LogOutputDevice: Error: Illegal call to DoesPackageExist: '../../../../../../Users/Alex/Desktop/Git Projects/Redemption/Redemption.uproject' is not a standard unreal filename or a long path name. Reason: Path should be no less than 4 characters long.
[2018.04.09-11.01.08:871][575]LogOutputDevice: Error: Stack: 
[2018.04.09-11.01.08:871][575]LogOutputDevice: Error: [Callstack] 0x000000008A55BA76 UE4Editor-Core.dll!FWindowsPlatformStackWalk::StackWalkAndDump() [d:\build\++ue4+release-4.19+compile\sync\engine\source\runtime\core\private\windows\windowsplatformstackwalk.cpp:234]
[2018.04.09-11.01.08:871][575]LogOutputDevice: Error: [Callstack] 0x000000008A2BAE3A UE4Editor-Core.dll!FDebug::EnsureFailed() [d:\build\++ue4+release-4.19+compile\sync\engine\source\runtime\core\private\misc\assertionmacros.cpp:299]
[2018.04.09-11.01.08:871][575]LogOutputDevice: Error: [Callstack] 0x000000008A2CECD6 UE4Editor-Core.dll!FDebug::OptionallyLogFormattedEnsureMessageReturningFalse() [d:\build\++ue4+release-4.19+compile\sync\engine\source\runtime\core\private\misc\assertionmacros.cpp:430]
[2018.04.09-11.01.08:871][575]LogOutputDevice: Error: [Callstack] 0x0000000089B2DD1B UE4Editor-CoreUObject.dll!FPackageName::DoesPackageExist() [d:\build\++ue4+release-4.19+compile\sync\engine\source\runtime\coreuobject\private\misc\packagename.cpp:818]
[2018.04.09-11.01.08:871][575]LogOutputDevice: Error: [Callstack] 0x00000000A0186A12 UE4Editor-SourceControl.dll!PackageFilename_Internal() [d:\build\++ue4+release-4.19+compile\sync\engine\source\developer\sourcecontrol\private\sourcecontrolhelpers.cpp:53]
[2018.04.09-11.01.08:871][575]LogOutputDevice: Error: [Callstack] 0x00000000A0186BA7 UE4Editor-SourceControl.dll!USourceControlHelpers::PackageFilenames() [d:\build\++ue4+release-4.19+compile\sync\engine\source\developer\sourcecontrol\private\sourcecontrolhelpers.cpp:104]
[2018.04.09-11.01.08:871][575]LogOutputDevice: Error: [Callstack] 0x000000007E8850CE UE4Editor-SourceControlWindows.dll!FSourceControlWindows::PromptForCheckin() [d:\build\++ue4+release-4.19+compile\sync\engine\source\editor\sourcecontrolwindows\private\ssourcecontrolsubmit.cpp:634]
[2018.04.09-11.01.08:871][575]LogOutputDevice: Error: [Callstack] 0x000000007E844805 UE4Editor-SourceControlWindows.dll!FSourceControlWindows::ChoosePackagesToCheckInCompleted() [d:\build\++ue4+release-4.19+compile\sync\engine\source\editor\sourcecontrolwindows\private\ssourcecontrolsubmit.cpp:493]
[2018.04.09-11.01.08:871][575]LogOutputDevice: Error: [Callstack] 0x000000007E843DDD UE4Editor-SourceControlWindows.dll!FSourceControlWindows::ChoosePackagesToCheckInCallback() [d:\build\++ue4+release-4.19+compile\sync\engine\source\editor\sourcecontrolwindows\private\ssourcecontrolsubmit.cpp:557]
[2018.04.09-11.01.08:871][575]LogOutputDevice: Error: [Callstack] 0x000000007E8590B4 UE4Editor-SourceControlWindows.dll!TBaseStaticDelegateInstance<void __cdecl(TSharedRef<ISourceControlOperation,1> const & __ptr64,enum ECommandResult::Type)>::ExecuteIfSafe() [d:\build\++ue4+release-4.19+compile\sync\engine\source\runtime\core\public\delegates\delegateinstancesimpl.h:788]
[2018.04.09-11.01.08:871][575]LogOutputDevice: Error: [Callstack] 0x00000000756D4669 UE4Editor-GitSourceControl.dll!FGitSourceControlProvider::Tick() [d:\build\++ue4+release-4.19+compile\sync\engine\plugins\developer\gitsourcecontrol\source\gitsourcecontrol\private\gitsourcecontrolprovider.cpp:305]
[2018.04.09-11.01.08:871][575]LogOutputDevice: Error: [Callstack] 0x00000000A018B9BC UE4Editor-SourceControl.dll!FSourceControlModule::Tick() [d:\build\++ue4+release-4.19+compile\sync\engine\source\developer\sourcecontrol\private\sourcecontrolmodule.cpp:242]
[2018.04.09-11.01.08:872][575]LogOutputDevice: Error: [Callstack] 0x0000000085BBDF0A UE4Editor-UnrealEd.dll!UEditorEngine::Tick() [d:\build\++ue4+release-4.19+compile\sync\engine\source\editor\unrealed\private\editorengine.cpp:1868]
[2018.04.09-11.01.08:872][575]LogOutputDevice: Error: [Callstack] 0x0000000086459526 UE4Editor-UnrealEd.dll!UUnrealEdEngine::Tick() [d:\build\++ue4+release-4.19+compile\sync\engine\source\editor\unrealed\private\unrealedengine.cpp:401]
[2018.04.09-11.01.08:872][575]LogOutputDevice: Error: [Callstack] 0x000000000E5B5EAC UE4Editor.exe!FEngineLoop::Tick() [d:\build\++ue4+release-4.19+compile\sync\engine\source\runtime\launch\private\launchengineloop.cpp:3339]
[2018.04.09-11.01.08:872][575]LogOutputDevice: Error: [Callstack] 0x000000000E5C6BD0 UE4Editor.exe!GuardedMain() [d:\build\++ue4+release-4.19+compile\sync\engine\source\runtime\launch\private\launch.cpp:166]
[2018.04.09-11.01.08:872][575]LogOutputDevice: Error: [Callstack] 0x000000000E5C6C4A UE4Editor.exe!GuardedMainWrapper() [d:\build\++ue4+release-4.19+compile\sync\engine\source\runtime\launch\private\windows\launchwindows.cpp:134]
[2018.04.09-11.01.08:872][575]LogOutputDevice: Error: [Callstack] 0x000000000E5D4149 UE4Editor.exe!WinMain() [d:\build\++ue4+release-4.19+compile\sync\engine\source\runtime\launch\private\windows\launchwindows.cpp:210]
[2018.04.09-11.01.08:872][575]LogOutputDevice: Error: [Callstack] 0x000000000E5D5B57 UE4Editor.exe!__scrt_common_main_seh() [f:\dd\vctools\crt\vcstartup\src\startup\exe_common.inl:253]
[2018.04.09-11.01.08:872][575]LogOutputDevice: Error: [Callstack] 0x00000000CEF71FE4 KERNEL32.DLL!UnknownFunction []
[2018.04.09-11.01.08:872][575]LogOutputDevice: Error: [Callstack] 0x00000000CFC4EFC1 ntdll.dll!UnknownFunction []
[2018.04.09-11.01.08:872][575]LogOutputDevice: Error: 
[2018.04.09-11.01.08:876][575]LogStats:                SubmitErrorReport -  0.000 s
[2018.04.09-11.01.17:064][575]LogStats:                    SendNewReport -  8.189 s
[2018.04.09-11.01.17:064][575]LogStats:             FDebug::EnsureFailed - 59.678 s
[2018.04.09-11.01.17:221][575]LogSlate: FSceneViewport::OnFocusLost() reason 2
[2018.04.09-11.01.30:074][575]LogSlate: Window 'Submit Files' being destroyed
[2018.04.09-11.01.30:093][575]LogSlate: FSceneViewport::OnFocusLost() reason 2
[2018.04.09-11.01.30:450][575]LogSlate: FSceneViewport::OnFocusLost() reason 2
[2018.04.09-11.01.30:858][575]LogSourceControl: commit successful: [master 3467028] Added initial files
[2018.04.09-11.01.30:921][575]SourceControl: [master 3467028] Added initial files
[2018.04.09-11.01.30:921][575]SourceControl:  1 file changed, 6 insertions(+)
[2018.04.09-11.01.30:921][575]SourceControl:  create mode 100644 Redemption.uproject
[2018.04.09-11.01.30:925][575]SourceControl: Commited [master 3467028] Added initial files.
[2018.04.09-11.01.35:421][ 33]LogSlate: FSceneViewport::OnFocusLost() reason 0
[2018.04.09-11.01.38:483][399]LogSlate: Window 'Message Log' being destroyed
[2018.04.09-11.01.38:485][399]LogSlate: Window 'Message Log' being destroyed
[2018.04.09-11.01.39:177][482]LogSlate: FSceneViewport::OnFocusLost() reason 0
